2026-01-30 23:33:57 - DEBUG - __main__ - Found location 'A01C3L1' under warehouse 1: ID 876
2026-01-30 23:33:57 - DEBUG - __main__ - Found location 'A01C3L1' under warehouse 1: ID 876
2026-01-30 23:33:57 - DEBUG - __main__ - Found location 'A01C3L1' under warehouse 1: ID 876
2026-01-30 23:33:57 - DEBUG - __main__ - Found location 'A01C3L1' under warehouse 1: ID 876
2026-01-30 23:33:57 - DEBUG - __main__ - Found location 'A01C3L1' under warehouse 1: ID 876
2026-01-30 23:33:57 - DEBUG - __main__ - Found location 'A01C3L1' under warehouse 1: ID 876
2026-01-30 23:33:57 - DEBUG - __main__ - Found location 'A02C1' under warehouse 1: ID 882
2026-01-30 23:33:57 - DEBUG - __main__ - Found location 'A02C1' under warehouse 1: ID 882
2026-01-30 23:33:58 - DEBUG - __main__ - Found location 'A02C1' under warehouse 1: ID 882
2026-01-30 23:33:59 - DEBUG - __main__ - Found location 'A25C2' under warehouse 1: ID 1097
2026-01-30 23:33:59 - DEBUG - __main__ - Found location 'A02C2' under warehouse 1: ID 883
2026-01-30 23:33:59 - DEBUG - __main__ - Found location 'A02C2' under warehouse 1: ID 883
2026-01-30 23:33:59 - DEBUG - __main__ - Found location 'A02C2' under warehouse 1: ID 883
2026-01-30 23:33:59 - DEBUG - __main__ - Found location 'A02C2' under warehouse 1: ID 883
2026-01-30 23:33:59 - DEBUG - __main__ - Found location 'A02C2' under warehouse 1: ID 883
2026-01-30 23:33:59 - DEBUG - __main__ - Found location 'A02C2' under warehouse 1: ID 883
2026-01-30 23:33:59 - DEBUG - __main__ - Found location 'A01C5' under warehouse 1: ID 881
2026-01-30 23:33:59 - DEBUG - __main__ - Found location 'A01C5' under warehouse 1: ID 881
2026-01-30 23:33:59 - DEBUG - __main__ - Found location 'A01C5' under warehouse 1: ID 881
2026-01-30 23:33:59 - DEBUG - __main__ - Found location 'A01C5' under warehouse 1: ID 881
2026-01-30 23:33:59 - DEBUG - __main__ - Found location 'A01C5' under warehouse 1: ID 881
2026-01-30 23:33:59 - DEBUG - __main__ - Found location 'A01C5' under warehouse 1: ID 881
2026-01-30 23:33:59 - DEBUG - __main__ - Found location 'A01C5' under warehouse 1: ID 881
2026-01-30 23:33:59 - DEBUG - __main__ - Found location 'A01C5' under warehouse 1: ID 881
2026-01-30 23:33:59 - DEBUG - __main__ - Found location 'A01C5' under warehouse 1: ID 881
2026-01-30 23:33:59 - DEBUG - __main__ - Found location 'A01C5' under warehouse 1: ID 881
2026-01-30 23:33:59 - DEBUG - __main__ - Found location 'A01C5' under warehouse 1: ID 881
2026-01-30 23:33:59 - DEBUG - __main__ - Found location 'A01C5' under warehouse 1: ID 881
2026-01-30 23:33:59 - DEBUG - __main__ - Found location 'A01C5' under warehouse 1: ID 881
2026-01-30 23:33:59 - DEBUG - __main__ - Found location 'A01C5' under warehouse 1: ID 881
2026-01-30 23:33:59 - DEBUG - __main__ - Found location 'A01C5' under warehouse 1: ID 881
2026-01-30 23:33:59 - DEBUG - __main__ - Found location 'A01C5' under warehouse 1: ID 881
2026-01-30 23:33:59 - DEBUG - __main__ - Found location 'A01C5' under warehouse 1: ID 881
2026-01-30 23:33:59 - DEBUG - __main__ - Found location 'A01C5' under warehouse 1: ID 881
2026-01-30 23:33:59 - DEBUG - __main__ - Found location 'A01C4' under warehouse 1: ID 880
2026-01-30 23:33:59 - DEBUG - __main__ - Found location 'A27C1' under warehouse 1: ID 1106
2026-01-30 23:33:59 - DEBUG - __main__ - Found location 'A27C1' under warehouse 1: ID 1106
2026-01-30 23:33:59 - DEBUG - __main__ - Found location 'A01C4' under warehouse 1: ID 880
2026-01-30 23:33:59 - DEBUG - __main__ - Found location 'A01C4' under warehouse 1: ID 880
2026-01-30 23:33:59 - DEBUG - __main__ - Found location 'A01C4' under warehouse 1: ID 880
2026-01-30 23:33:59 - DEBUG - __main__ - Found location 'A01C4' under warehouse 1: ID 880
2026-01-30 23:33:59 - DEBUG - __main__ - Found location 'A01C4' under warehouse 1: ID 880
2026-01-30 23:33:59 - DEBUG - __main__ - Found location 'A01C4' under warehouse 1: ID 880
2026-01-30 23:33:59 - DEBUG - __main__ - Found location 'A01C4' under warehouse 1: ID 880
2026-01-30 23:33:59 - DEBUG - __main__ - Found location 'A01C4' under warehouse 1: ID 880
2026-01-30 23:33:59 - DEBUG - __main__ - Found location 'A01C4' under warehouse 1: ID 880
2026-01-30 23:33:59 - DEBUG - __main__ - Found location 'A01C4' under warehouse 1: ID 880
2026-01-30 23:33:59 - DEBUG - __main__ - Found location 'A01C4' under warehouse 1: ID 880
2026-01-30 23:33:59 - DEBUG - __main__ - Found location 'A02C2' under warehouse 1: ID 883
2026-01-30 23:33:59 - DEBUG - __main__ - Found location 'A02C2' under warehouse 1: ID 883
2026-01-30 23:34:00 - DEBUG - __main__ - Found location 'A02C2' under warehouse 1: ID 883
2026-01-30 23:34:00 - DEBUG - __main__ - Found location 'A02C2' under warehouse 1: ID 883
2026-01-30 23:34:00 - DEBUG - __main__ - Found location 'A02C2' under warehouse 1: ID 883
2026-01-30 23:34:00 - DEBUG - __main__ - Found location 'A02C2' under warehouse 1: ID 883
2026-01-30 23:34:00 - DEBUG - __main__ - Found location 'A02C2' under warehouse 1: ID 883
2026-01-30 23:34:00 - DEBUG - __main__ - Found location 'A02C2' under warehouse 1: ID 883
2026-01-30 23:34:00 - DEBUG - __main__ - Found location 'A02C2' under warehouse 1: ID 883
2026-01-30 23:34:00 - DEBUG - __main__ - Found location 'A02C2' under warehouse 1: ID 883
2026-01-30 23:34:00 - DEBUG - __main__ - Found location 'A02C2' under warehouse 1: ID 883
2026-01-30 23:34:00 - DEBUG - __main__ - Found location 'A02C2' under warehouse 1: ID 883
2026-01-30 23:34:00 - DEBUG - __main__ - Found location 'A27C1' under warehouse 1: ID 1106
2026-01-30 23:34:00 - DEBUG - __main__ - Found location 'A27C1' under warehouse 1: ID 1106
2026-01-30 23:34:00 - DEBUG - __main__ - Found location 'A01C4' under warehouse 1: ID 880
2026-01-30 23:34:00 - DEBUG - __main__ - Found location 'A01C2L2' under warehouse 1: ID 873
2026-01-30 23:34:00 - DEBUG - __main__ - Found location 'A01C2L2' under warehouse 1: ID 873
2026-01-30 23:34:00 - DEBUG - __main__ - Found location 'A01C0' under warehouse 1: ID 867
2026-01-30 23:34:00 - DEBUG - __main__ - Found location 'A25C1' under warehouse 1: ID 1096
2026-01-30 23:34:00 - DEBUG - __main__ - Found location 'A26C5' under warehouse 1: ID 1105
2026-01-30 23:34:00 - DEBUG - __main__ - Found location 'A26C5' under warehouse 1: ID 1105
2026-01-30 23:34:00 - DEBUG - __main__ - Found location 'A26C5' under warehouse 1: ID 1105
2026-01-30 23:34:00 - DEBUG - __main__ - Found location 'A26C5' under warehouse 1: ID 1105
2026-01-30 23:34:00 - DEBUG - __main__ - Found location 'A26C5' under warehouse 1: ID 1105
2026-01-30 23:34:00 - DEBUG - __main__ - Found location 'A26C5' under warehouse 1: ID 1105
2026-01-30 23:34:00 - DEBUG - __main__ - Found location 'A26C5' under warehouse 1: ID 1105
2026-01-30 23:34:00 - DEBUG - __main__ - Found location 'A26C5' under warehouse 1: ID 1105
2026-01-30 23:34:00 - DEBUG - __main__ - Found location 'A26C5' under warehouse 1: ID 1105
2026-01-30 23:34:00 - DEBUG - __main__ - Found location 'A26C5' under warehouse 1: ID 1105
2026-01-30 23:34:00 - DEBUG - __main__ - Found location 'A26C5' under warehouse 1: ID 1105
2026-01-30 23:34:00 - DEBUG - __main__ - Found location 'A26C5' under warehouse 1: ID 1105
2026-01-30 23:34:00 - DEBUG - __main__ - Found location 'A26C5' under warehouse 1: ID 1105
2026-01-30 23:34:00 - DEBUG - __main__ - Found location 'A26C5' under warehouse 1: ID 1105
2026-01-30 23:34:00 - DEBUG - __main__ - Found location 'A26C5' under warehouse 1: ID 1105
2026-01-30 23:34:00 - DEBUG - __main__ - Found location 'A26C5' under warehouse 1: ID 1105
2026-01-30 23:34:00 - DEBUG - __main__ - Found location 'A02C3' under warehouse 1: ID 884
2026-01-30 23:34:00 - DEBUG - __main__ - Found location 'A02C3' under warehouse 1: ID 884
2026-01-30 23:34:00 - DEBUG - __main__ - Found location 'A02C3' under warehouse 1: ID 884
2026-01-30 23:34:00 - DEBUG - __main__ - Found location 'A02C3' under warehouse 1: ID 884
2026-01-30 23:34:00 - DEBUG - __main__ - Found location 'A02C3' under warehouse 1: ID 884
2026-01-30 23:34:00 - DEBUG - __main__ - Found location 'A02C3' under warehouse 1: ID 884
2026-01-30 23:34:00 - DEBUG - __main__ - Found location 'A02C3' under warehouse 1: ID 884
2026-01-30 23:34:00 - DEBUG - __main__ - Found location 'A02C3' under warehouse 1: ID 884
2026-01-30 23:34:00 - DEBUG - __main__ - Found location 'A02C3' under warehouse 1: ID 884
2026-01-30 23:34:00 - DEBUG - __main__ - Found location 'A02C3' under warehouse 1: ID 884
2026-01-30 23:34:01 - DEBUG - __main__ - Found location 'A02C3' under warehouse 1: ID 884
2026-01-30 23:34:01 - DEBUG - __main__ - Found location 'A02C3' under warehouse 1: ID 884
2026-01-30 23:34:01 - DEBUG - __main__ - Found location 'A02C3' under warehouse 1: ID 884
2026-01-30 23:34:01 - DEBUG - __main__ - Found location 'A02C3' under warehouse 1: ID 884
2026-01-30 23:34:01 - DEBUG - __main__ - Found location 'A25C1' under warehouse 1: ID 1096
2026-01-30 23:34:01 - DEBUG - __main__ - Found location 'A25C1' under warehouse 1: ID 1096
2026-01-30 23:34:01 - DEBUG - __main__ - Found location 'A25C1' under warehouse 1: ID 1096
2026-01-30 23:34:01 - DEBUG - __main__ - Found location 'A25C1' under warehouse 1: ID 1096
2026-01-30 23:34:01 - DEBUG - __main__ - Found location 'A02C3' under warehouse 1: ID 884
2026-01-30 23:34:01 - DEBUG - __main__ - Found location 'A02C3' under warehouse 1: ID 884
2026-01-30 23:34:01 - DEBUG - __main__ - Found location 'A26C5' under warehouse 1: ID 1105
2026-01-30 23:34:01 - DEBUG - __main__ - Found location 'A26C5' under warehouse 1: ID 1105
2026-01-30 23:34:01 - DEBUG - __main__ - Found location 'Stock' under warehouse 1: ID 8
2026-01-30 23:34:01 - DEBUG - __main__ - Found location 'Stock' under warehouse 1: ID 8
2026-01-30 23:34:01 - DEBUG - __main__ - Found location 'Stock' under warehouse 1: ID 8
2026-01-30 23:34:01 - DEBUG - __main__ - Found location 'A02C1' under warehouse 1: ID 882
2026-01-30 23:34:01 - DEBUG - __main__ - Found location 'A26C1' under warehouse 1: ID 1101
2026-01-30 23:34:01 - DEBUG - __main__ - Found location 'A26C1' under warehouse 1: ID 1101
2026-01-30 23:34:01 - DEBUG - __main__ - Found location 'A26C1' under warehouse 1: ID 1101
2026-01-30 23:34:01 - DEBUG - __main__ - Found location 'A26C1' under warehouse 1: ID 1101
2026-01-30 23:34:01 - DEBUG - __main__ - Found location 'A26C1' under warehouse 1: ID 1101
2026-01-30 23:34:01 - DEBUG - __main__ - Found location 'A26C1' under warehouse 1: ID 1101
2026-01-30 23:34:01 - DEBUG - __main__ - Found location 'A26C1' under warehouse 1: ID 1101
2026-01-30 23:34:01 - DEBUG - __main__ - Found location 'A26C1' under warehouse 1: ID 1101
2026-01-30 23:34:01 - DEBUG - __main__ - Found location 'A26C1' under warehouse 1: ID 1101
2026-01-30 23:34:01 - DEBUG - __main__ - Found location 'A26C1' under warehouse 1: ID 1101
2026-01-30 23:34:01 - DEBUG - __main__ - Found location 'A26C1' under warehouse 1: ID 1101
2026-01-30 23:34:01 - DEBUG - __main__ - Found location 'A26C1' under warehouse 1: ID 1101
2026-01-30 23:34:01 - DEBUG - __main__ - Found location 'A26C1' under warehouse 1: ID 1101
2026-01-30 23:34:01 - DEBUG - __main__ - Found location 'A26C1' under warehouse 1: ID 1101
2026-01-30 23:34:01 - DEBUG - __main__ - Found location 'A26C1' under warehouse 1: ID 1101
2026-01-30 23:34:01 - DEBUG - __main__ - Found location 'A26C1' under warehouse 1: ID 1101
2026-01-30 23:34:01 - DEBUG - __main__ - Found location 'A26C1' under warehouse 1: ID 1101
2026-01-30 23:34:01 - DEBUG - __main__ - Found location 'A26C1' under warehouse 1: ID 1101
2026-01-30 23:34:01 - DEBUG - __main__ - Found location 'A26C1' under warehouse 1: ID 1101
2026-01-30 23:34:01 - DEBUG - __main__ - Found location 'A26C1' under warehouse 1: ID 1101
2026-01-30 23:34:01 - DEBUG - __main__ - Found location 'A26C1' under warehouse 1: ID 1101
2026-01-30 23:34:01 - DEBUG - __main__ - Found location 'A26C1' under warehouse 1: ID 1101
2026-01-30 23:34:01 - DEBUG - __main__ - Found location 'A26C1' under warehouse 1: ID 1101
2026-01-30 23:34:01 - DEBUG - __main__ - Found location 'A26C1' under warehouse 1: ID 1101
2026-01-30 23:34:01 - DEBUG - __main__ - Found location 'A26C1' under warehouse 1: ID 1101
2026-01-30 23:34:01 - DEBUG - __main__ - Found location 'A26C1' under warehouse 1: ID 1101
2026-01-30 23:34:01 - DEBUG - __main__ - Found location 'A26C1' under warehouse 1: ID 1101
2026-01-30 23:34:01 - DEBUG - __main__ - Found location 'A26C1' under warehouse 1: ID 1101
2026-01-30 23:34:02 - DEBUG - __main__ - Found location 'A26C1' under warehouse 1: ID 1101
2026-01-30 23:34:02 - DEBUG - __main__ - Found location 'A03C2L1' under warehouse 1: ID 895
2026-01-30 23:34:02 - DEBUG - __main__ - Found location 'A03C2L1' under warehouse 1: ID 895
2026-01-30 23:34:02 - DEBUG - __main__ - Found location 'A03C2L1' under warehouse 1: ID 895
2026-01-30 23:34:02 - DEBUG - __main__ - Found location 'A03C2L1' under warehouse 1: ID 895
2026-01-30 23:34:02 - DEBUG - __main__ - Found location 'A03C2L1' under warehouse 1: ID 895
2026-01-30 23:34:02 - DEBUG - __main__ - Found location 'A03C2L1' under warehouse 1: ID 895
2026-01-30 23:34:02 - DEBUG - __main__ - Found location 'B12C1L1' under warehouse 1: ID 1248
2026-01-30 23:34:02 - DEBUG - __main__ - Found location 'B12C1L1' under warehouse 1: ID 1248
2026-01-30 23:34:02 - DEBUG - __main__ - Found location 'B12C1L1' under warehouse 1: ID 1248
2026-01-30 23:34:02 - DEBUG - __main__ - Found location 'B12C1L1' under warehouse 1: ID 1248
2026-01-30 23:34:02 - DEBUG - __main__ - Found location 'B12C1L1' under warehouse 1: ID 1248
2026-01-30 23:34:02 - DEBUG - __main__ - Found location 'B12C1L1' under warehouse 1: ID 1248
2026-01-30 23:34:02 - DEBUG - __main__ - Found location 'B12C1L1' under warehouse 1: ID 1248
2026-01-30 23:34:02 - DEBUG - __main__ - Found location 'B12C1L1' under warehouse 1: ID 1248
2026-01-30 23:34:02 - DEBUG - __main__ - Found location 'B12C1L1' under warehouse 1: ID 1248
2026-01-30 23:34:02 - DEBUG - __main__ - Found location 'B12C1L1' under warehouse 1: ID 1248
2026-01-30 23:34:02 - DEBUG - __main__ - Found location 'Stock' under warehouse 1: ID 8
2026-01-30 23:34:02 - ERROR - __main__ - Office row 2: Setco Category 'Setsco Label - Fire Ext (Powder)' not found.
2026-01-30 23:34:02 - ERROR - __main__ - Office row 3: Setco Category 'Setsco Label - Fire Ext (Powder)' not found.
2026-01-30 23:34:02 - ERROR - __main__ - Office row 4: Setco Category 'Setsco Label - Fire Ext (Powder)' not found.
2026-01-30 23:34:02 - ERROR - __main__ - Office row 5: Setco Category 'Setsco Label - Fire Ext (Powder)' not found.
2026-01-30 23:34:02 - ERROR - __main__ - Office row 6: Setco Category 'Setsco Label - Fire Ext (Powder)' not found.
2026-01-30 23:34:02 - ERROR - __main__ - Office row 7: Setco Category 'Setsco Label - Fire Ext (Powder)' not found.
2026-01-30 23:34:02 - ERROR - __main__ - Office row 8: Setco Category 'Setsco Label - Fire Ext (Powder)' not found.
2026-01-30 23:34:02 - ERROR - __main__ - Office row 9: Setco Category 'Setsco Label - Fire Ext (Powder)' not found.
2026-01-30 23:34:02 - ERROR - __main__ - Office row 10: Setco Category 'Setsco Label - Fire Ext (Powder)' not found.
2026-01-30 23:34:02 - ERROR - __main__ - Office row 11: Setco Category 'Setsco Label - Fire Ext (Powder)' not found.
2026-01-30 23:34:02 - ERROR - __main__ - Office row 12: Setco Category 'Setsco Label - Fire Ext (Powder)' not found.
2026-01-30 23:34:02 - ERROR - __main__ - Office row 13: Setco Category 'Setsco Label - Fire Ext (Powder)' not found.
2026-01-30 23:34:02 - ERROR - __main__ - Office row 14: Setco Category 'Setsco Label - Fire Ext (Powder)' not found.
2026-01-30 23:34:02 - ERROR - __main__ - Office row 15: Setco Category 'Setsco Label - Fire Ext (Powder)' not found.
2026-01-30 23:34:02 - ERROR - __main__ - Office row 16: Setco Category 'Setsco Label - Fire Ext (Powder)' not found.
2026-01-30 23:34:02 - ERROR - __main__ - Office row 17: Setco Category 'Setsco Label - Fire Ext (Powder)' not found.
2026-01-30 23:34:02 - ERROR - __main__ - Office row 18: Setco Category 'Setsco Label - Fire Ext (Powder)' not found.
2026-01-30 23:34:02 - ERROR - __main__ - Office row 19: Setco Category 'Setsco Label - Fire Ext (Powder)' not found.
2026-01-30 23:34:02 - ERROR - __main__ - Office row 20: Setco Category 'Setsco Label - Fire Ext (Powder)' not found.
2026-01-30 23:34:02 - ERROR - __main__ - Office row 21: Setco Category 'Setsco Label - Fire Ext (Powder)' not found.
2026-01-30 23:34:02 - ERROR - __main__ - Office row 22: Setco Category 'Setsco Label - Fire Ext (CO2)' not found.
2026-01-30 23:34:02 - ERROR - __main__ - Office row 23: Setco Category 'Setsco Label - Fire Ext (CO2)' not found.
2026-01-30 23:34:02 - ERROR - __main__ - Office row 24: Setco Category 'Setsco Label - Fire Ext (CO2)' not found.
2026-01-30 23:34:02 - ERROR - __main__ - Office row 25: Setco Category 'Setsco Label - Fire Ext (Water/Foam/Watermist)' not found.
2026-01-30 23:34:02 - ERROR - __main__ - Office row 26: Setco Category 'Setsco Label - Fire Ext (Water/Foam/Watermist)' not found.
2026-01-30 23:34:02 - ERROR - __main__ - Office row 27: Setco Category 'Setsco Label - Fire Ext (Halotron)' not found.
2026-01-30 23:34:02 - ERROR - __main__ - Office row 28: Setco Category 'Setsco Label - Fire Ext (Halotron)' not found.
2026-01-30 23:34:02 - ERROR - __main__ - Office row 29: Setco Category 'Setsco Label - Fire Ext (Halotron)' not found.
2026-01-30 23:34:02 - ERROR - __main__ - Office row 30: Setco Category 'TUV Label - Fire Ext (Halotron BrX)' not found.
2026-01-30 23:34:02 - ERROR - __main__ - Office row 31: Setco Category 'TUV Label - Fire Ext (Halotron BrX)' not found.
2026-01-30 23:34:02 - ERROR - __main__ - Office row 32: Setco Category 'Setsco Label - Hose Reel' not found.
2026-01-30 23:34:02 - ERROR - __main__ - Office row 33: Setco Category 'Setsco Label - Hose Reel' not found.
2026-01-30 23:34:02 - ERROR - __main__ - Office row 34: Setco Category 'Setsco Label - Hose Reel' not found.
2026-01-30 23:34:02 - ERROR - __main__ - Office row 35: Setco Category 'Setsco Label - Hose Reel' not found.
2026-01-30 23:34:02 - ERROR - __main__ - Office row 36: Setco Category 'Setsco Label - Hose Reel' not found.
2026-01-30 23:34:02 - ERROR - __main__ - Office row 37: Setco Category 'Setsco Label - Hose Reel' not found.
2026-01-30 23:34:02 - ERROR - __main__ - Office row 38: Setco Category 'Setsco Label - Hose Reel' not found.
2026-01-30 23:34:02 - ERROR - __main__ - Office row 39: Setco Category 'Setsco Label - Fire Hose' not found.
2026-01-30 23:34:02 - ERROR - __main__ - Office row 40: Setco Category 'Setsco Label - Fire Hose' not found.
2026-01-30 23:34:02 - ERROR - __main__ - Office row 41: Setco Category 'Setsco Label - Fire Hose' not found.
2026-01-30 23:34:02 - ERROR - __main__ - Warehouse row 2: Setco Category 'Setsco Label - Fire Ext (Powder)' not found.
2026-01-30 23:34:02 - ERROR - __main__ - Warehouse row 3: Setco Category 'Setsco Label - Fire Ext (Powder)' not found.
2026-01-30 23:34:02 - ERROR - __main__ - Warehouse row 4: Setco Category 'Setsco Label - Fire Ext (Powder)' not found.
2026-01-30 23:34:02 - ERROR - __main__ - Warehouse row 5: Setco Category 'Setsco Label - Fire Ext (Powder)' not found.
2026-01-30 23:34:02 - ERROR - __main__ - Warehouse row 6: Setco Category 'Setsco Label - Fire Ext (Powder)' not found.
2026-01-30 23:34:02 - ERROR - __main__ - Warehouse row 7: Setco Category 'Setsco Label - Fire Ext (Powder)' not found.
2026-01-30 23:34:02 - ERROR - __main__ - Warehouse row 8: Setco Category 'Setsco Label - Fire Ext (Powder)' not found.
2026-01-30 23:34:02 - ERROR - __main__ - Warehouse row 9: Setco Category 'Setsco Label - Fire Ext (Powder)' not found.
2026-01-30 23:34:02 - ERROR - __main__ - Warehouse row 10: Setco Category 'Setsco Label - Fire Ext (Powder)' not found.
2026-01-30 23:34:02 - ERROR - __main__ - Warehouse row 11: Setco Category 'Setsco Label - Fire Ext (Powder)' not found.
2026-01-30 23:34:02 - ERROR - __main__ - Warehouse row 12: Setco Category 'Setsco Label - Fire Ext (Powder)' not found.
2026-01-30 23:34:02 - ERROR - __main__ - Warehouse row 13: Setco Category 'Setsco Label - Fire Ext (Powder)' not found.
2026-01-30 23:34:02 - ERROR - __main__ - Warehouse row 14: Com No '20801200000001' not found.
2026-01-30 23:34:02 - ERROR - __main__ - Warehouse row 14: Setco Category 'Setsco Label - Fire Ext (Powder)' not found.
2026-01-30 23:34:02 - ERROR - __main__ - Warehouse row 15: Com No '20801200000001' not found.
2026-01-30 23:34:02 - ERROR - __main__ - Warehouse row 15: Setco Category 'Setsco Label - Fire Ext (Powder)' not found.
2026-01-30 23:34:02 - ERROR - __main__ - Warehouse row 16: Com No '20801200000001' not found.
2026-01-30 23:34:02 - ERROR - __main__ - Warehouse row 16: Setco Category 'Setsco Label - Fire Ext (Powder)' not found.
2026-01-30 23:34:02 - ERROR - __main__ - Warehouse row 17: Com No '20801200000001' not found.
2026-01-30 23:34:02 - ERROR - __main__ - Warehouse row 17: Setco Category 'Setsco Label - Fire Ext (Powder)' not found.
2026-01-30 23:34:02 - ERROR - __main__ - Warehouse row 18: Setco Category 'Setsco Label - Fire Ext (Powder)' not found.
2026-01-30 23:34:02 - ERROR - __main__ - Warehouse row 19: Setco Category 'Setsco Label - Fire Ext (Powder)' not found.
2026-01-30 23:34:02 - ERROR - __main__ - Warehouse row 20: Setco Category 'Setsco Label - Fire Ext (Powder)' not found.
2026-01-30 23:34:02 - ERROR - __main__ - Warehouse row 21: Setco Category 'Setsco Label - Fire Ext (Powder)' not found.
2026-01-30 23:34:02 - ERROR - __main__ - Warehouse row 22: Setco Category 'Setsco Label - Fire Ext (Powder)' not found.
2026-01-30 23:34:02 - ERROR - __main__ - Warehouse row 23: Setco Category 'Setsco Label - Fire Ext (Powder)' not found.
2026-01-30 23:34:02 - ERROR - __main__ - Warehouse row 24: Setco Category 'Setsco Label - Fire Ext (Powder)' not found.
2026-01-30 23:34:02 - ERROR - __main__ - Warehouse row 25: Setco Category 'Setsco Label - Fire Ext (Powder)' not found.
2026-01-30 23:34:02 - ERROR - __main__ - Warehouse row 26: Setco Category 'Setsco Label - Fire Ext (Powder)' not found.
2026-01-30 23:34:02 - ERROR - __main__ - Warehouse row 27: Setco Category 'Setsco Label - Fire Ext (Powder)' not found.
2026-01-30 23:34:02 - ERROR - __main__ - Warehouse row 28: Setco Category 'Setsco Label - Fire Ext (Powder)' not found.
2026-01-30 23:34:02 - ERROR - __main__ - Warehouse row 29: Setco Category 'Setsco Label - Fire Ext (Powder)' not found.
2026-01-30 23:34:02 - ERROR - __main__ - Warehouse row 30: Setco Category 'Setsco Label - Fire Ext (Powder)' not found.
2026-01-30 23:34:02 - ERROR - __main__ - Warehouse row 31: Setco Category 'Setsco Label - Fire Ext (Powder)' not found.
2026-01-30 23:34:02 - ERROR - __main__ - Warehouse row 32: Setco Category 'Setsco Label - Fire Ext (Powder)' not found.
2026-01-30 23:34:02 - ERROR - __main__ - Warehouse row 33: Setco Category 'Setsco Label - Fire Ext (Powder)' not found.
2026-01-30 23:34:02 - ERROR - __main__ - Warehouse row 34: Setco Category 'Setsco Label - Fire Ext (Powder)' not found.
2026-01-30 23:34:02 - ERROR - __main__ - Warehouse row 35: Setco Category 'Setsco Label - Fire Ext (Powder)' not found.
2026-01-30 23:34:02 - ERROR - __main__ - Warehouse row 36: Setco Category 'Setsco Label - Fire Ext (Powder)' not found.
2026-01-30 23:34:02 - ERROR - __main__ - Warehouse row 37: Setco Category 'Setsco Label - Fire Ext (Powder)' not found.
2026-01-30 23:34:02 - ERROR - __main__ - Warehouse row 38: Setco Category 'Setsco Label - Fire Ext (Powder)' not found.
2026-01-30 23:34:02 - ERROR - __main__ - Warehouse row 39: Setco Category 'Setsco Label - Fire Ext (Powder)' not found.
2026-01-30 23:34:02 - ERROR - __main__ - Warehouse row 40: Setco Category 'Setsco Label - Fire Ext (Powder)' not found.
2026-01-30 23:34:02 - ERROR - __main__ - Warehouse row 41: Setco Category 'Setsco Label - Fire Ext (Powder)' not found.
2026-01-30 23:34:02 - ERROR - __main__ - Warehouse row 42: Setco Category 'Setsco Label - Fire Ext (Powder)' not found.
2026-01-30 23:34:02 - ERROR - __main__ - Warehouse row 43: Setco Category 'Setsco Label - Fire Ext (Powder)' not found.
2026-01-30 23:34:02 - ERROR - __main__ - Warehouse row 44: Setco Category 'Setsco Label - Fire Ext (Powder)' not found.
2026-01-30 23:34:02 - ERROR - __main__ - Warehouse row 45: Setco Category 'Setsco Label - Fire Ext (Powder)' not found.
2026-01-30 23:34:02 - ERROR - __main__ - Warehouse row 46: Setco Category 'Setsco Label - Fire Ext (Powder)' not found.
2026-01-30 23:34:02 - ERROR - __main__ - Warehouse row 47: Setco Category 'Setsco Label - Fire Ext (Powder)' not found.
2026-01-30 23:34:02 - ERROR - __main__ - Warehouse row 48: Setco Category 'Setsco Label - Fire Ext (Powder)' not found.
2026-01-30 23:34:02 - ERROR - __main__ - Warehouse row 49: Setco Category 'Setsco Label - Fire Ext (Powder)' not found.
2026-01-30 23:34:02 - ERROR - __main__ - Warehouse row 50: Setco Category 'Setsco Label - Fire Ext (Powder)' not found.
2026-01-30 23:34:02 - ERROR - __main__ - Warehouse row 51: Setco Category 'Setsco Label - Fire Ext (Powder)' not found.
2026-01-30 23:34:02 - ERROR - __main__ - Warehouse row 52: Setco Category 'Setsco Label - Fire Ext (Powder)' not found.
2026-01-30 23:34:02 - ERROR - __main__ - Warehouse row 53: Setco Category 'Setsco Label - Fire Ext (Powder)' not found.
2026-01-30 23:34:02 - ERROR - __main__ - Warehouse row 54: Setco Category 'Setsco Label - Fire Ext (Powder)' not found.
2026-01-30 23:34:02 - ERROR - __main__ - Warehouse row 55: Setco Category 'Setsco Label - Fire Ext (Powder)' not found.
2026-01-30 23:34:02 - ERROR - __main__ - Warehouse row 56: Setco Category 'Setsco Label - Fire Ext (Powder)' not found.
2026-01-30 23:34:02 - ERROR - __main__ - Warehouse row 57: Setco Category 'Setsco Label - Fire Ext (Powder)' not found.
2026-01-30 23:34:02 - ERROR - __main__ - Warehouse row 58: Setco Category 'Setsco Label - Fire Ext (Powder)' not found.
2026-01-30 23:34:02 - ERROR - __main__ - Warehouse row 59: Setco Category 'Setsco Label - Fire Ext (Powder)' not found.
2026-01-30 23:34:02 - ERROR - __main__ - Warehouse row 60: Setco Category 'Setsco Label - Fire Ext (Powder)' not found.
2026-01-30 23:34:02 - ERROR - __main__ - Warehouse row 61: Setco Category 'Setsco Label - Fire Ext (Powder)' not found.
2026-01-30 23:34:02 - ERROR - __main__ - Warehouse row 62: Setco Category 'Setsco Label - Fire Ext (Powder)' not found.
2026-01-30 23:34:02 - ERROR - __main__ - Warehouse row 63: Setco Category 'Setsco Label - Fire Ext (Powder)' not found.
2026-01-30 23:34:02 - ERROR - __main__ - Warehouse row 64: Setco Category 'Setsco Label - Fire Ext (CO2)' not found.
2026-01-30 23:34:02 - ERROR - __main__ - Warehouse row 65: Setco Category 'Setsco Label - Fire Ext (CO2)' not found.
2026-01-30 23:34:02 - ERROR - __main__ - Warehouse row 66: Setco Category 'Setsco Label - Fire Ext (CO2)' not found.
2026-01-30 23:34:02 - ERROR - __main__ - Warehouse row 67: Setco Category 'Setsco Label - Fire Ext (CO2)' not found.
2026-01-30 23:34:02 - ERROR - __main__ - Warehouse row 68: Com No '20801702' not found.
2026-01-30 23:34:02 - ERROR - __main__ - Warehouse row 68: Setco Category 'Setsco Label - Fire Ext (Water/Foam/Watermist)' not found.
2026-01-30 23:34:02 - ERROR - __main__ - Warehouse row 69: Setco Category 'Setsco Label - Fire Ext (Water/Foam/Watermist)' not found.
2026-01-30 23:34:02 - ERROR - __main__ - Warehouse row 70: Setco Category 'Setsco Label - Fire Ext (Water/Foam/Watermist)' not found.
2026-01-30 23:34:02 - ERROR - __main__ - Warehouse row 71: Setco Category 'Setsco Label - Fire Ext (Water/Foam/Watermist)' not found.
2026-01-30 23:34:02 - ERROR - __main__ - Warehouse row 72: Setco Category 'Setsco Label - Fire Ext (Water/Foam/Watermist)' not found.
2026-01-30 23:34:02 - ERROR - __main__ - Warehouse row 73: Setco Category 'Setsco Label - Fire Ext (Water/Foam/Watermist)' not found.
2026-01-30 23:34:02 - ERROR - __main__ - Warehouse row 74: Setco Category 'Setsco Label - Fire Ext (Water/Foam/Watermist)' not found.
2026-01-30 23:34:02 - ERROR - __main__ - Warehouse row 75: Setco Category 'Setsco Label - Fire Ext (Water/Foam/Watermist)' not found.
2026-01-30 23:34:02 - ERROR - __main__ - Warehouse row 76: Setco Category 'Setsco Label - Fire Ext (Water/Foam/Watermist)' not found.
2026-01-30 23:34:02 - ERROR - __main__ - Warehouse row 77: Setco Category 'Setsco Label - Fire Ext (Water/Foam/Watermist)' not found.
2026-01-30 23:34:02 - ERROR - __main__ - Warehouse row 78: Setco Category 'Setsco Label - Fire Ext (Water/Foam/Watermist)' not found.
2026-01-30 23:34:02 - ERROR - __main__ - Warehouse row 79: Setco Category 'Setsco Label - Fire Ext (Water/Foam/Watermist)' not found.
2026-01-30 23:34:02 - ERROR - __main__ - Warehouse row 80: Setco Category 'Setsco Label - Fire Ext (Water/Foam/Watermist)' not found.
2026-01-30 23:34:02 - ERROR - __main__ - Warehouse row 81: Setco Category 'Setsco Label - Fire Ext (Water/Foam/Watermist)' not found.
2026-01-30 23:34:02 - ERROR - __main__ - Warehouse row 82: Setco Category 'Setsco Label - Fire Ext (Water/Foam/Watermist)' not found.
2026-01-30 23:34:02 - ERROR - __main__ - Warehouse row 83: Setco Category 'Setsco Label - Fire Ext (Water/Foam/Watermist)' not found.
2026-01-30 23:34:02 - ERROR - __main__ - Warehouse row 84: Setco Category 'Setsco Label - Fire Ext (Water/Foam/Watermist)' not found.
2026-01-30 23:34:02 - ERROR - __main__ - Warehouse row 85: Setco Category 'Setsco Label - Fire Ext (Water/Foam/Watermist)' not found.
2026-01-30 23:34:02 - ERROR - __main__ - Warehouse row 86: Setco Category 'Setsco Label - Fire Ext (Halotron)' not found.
2026-01-30 23:34:02 - ERROR - __main__ - Warehouse row 87: Setco Category 'Setsco Label - Fire Ext (Halotron)' not found.
2026-01-30 23:34:02 - ERROR - __main__ - Warehouse row 88: Setco Category 'Setsco Label - Fire Ext (Halotron)' not found.
2026-01-30 23:34:02 - ERROR - __main__ - Warehouse row 89: Setco Category 'Setsco Label - Fire Ext (Halotron)' not found.
2026-01-30 23:34:02 - ERROR - __main__ - Warehouse row 90: Setco Category 'Setsco Label - Fire Ext (Halotron)' not found.
2026-01-30 23:34:02 - ERROR - __main__ - Warehouse row 91: Setco Category 'Setsco Label - Fire Ext (Halotron)' not found.
2026-01-30 23:34:02 - ERROR - __main__ - Warehouse row 92: Setco Category 'Setsco Label - Fire Ext (Halotron)' not found.
2026-01-30 23:34:02 - ERROR - __main__ - Warehouse row 93: Setco Category 'Setsco Label - Fire Ext (Halotron)' not found.
2026-01-30 23:34:02 - ERROR - __main__ - Warehouse row 94: Setco Category 'Setsco Label - Fire Ext (Halotron)' not found.
2026-01-30 23:34:02 - ERROR - __main__ - Warehouse row 95: Setco Category 'Setsco Label - Fire Ext (Halotron)' not found.
2026-01-30 23:34:02 - ERROR - __main__ - Warehouse row 96: Setco Category 'Setsco Label - Fire Ext (Halotron)' not found.
2026-01-30 23:34:02 - ERROR - __main__ - Warehouse row 97: Setco Category 'Setsco Label - Fire Ext (Halotron)' not found.
2026-01-30 23:34:02 - ERROR - __main__ - Warehouse row 98: Setco Category 'Setsco Label - Fire Ext (Halotron)' not found.
2026-01-30 23:34:02 - ERROR - __main__ - Warehouse row 99: Setco Category 'TUV Label - Fire Ext (Halotron BrX)' not found.
2026-01-30 23:34:02 - ERROR - __main__ - Warehouse row 100: Setco Category 'TUV Label - Fire Ext (Halotron BrX)' not found.
2026-01-30 23:34:02 - ERROR - __main__ - Warehouse row 101: Setco Category 'TUV Label - Fire Ext (Halotron BrX)' not found.
2026-01-30 23:34:02 - ERROR - __main__ - Warehouse row 102: Setco Category 'TUV Label - Fire Ext (Halotron BrX)' not found.
2026-01-30 23:34:02 - ERROR - __main__ - Warehouse row 103: Setco Category 'TUV Label - Fire Ext (3L/6L Watermist)' not found.
2026-01-30 23:34:02 - ERROR - __main__ - Warehouse row 104: Setco Category 'TUV Label - Fire Ext (3L/6L Watermist)' not found.
2026-01-30 23:34:02 - ERROR - __main__ - Warehouse row 105: Setco Category 'TUV Label - Fire Ext (3L/6L Watermist)' not found.
2026-01-30 23:34:02 - ERROR - __main__ - Warehouse row 106: Setco Category 'TUV Label - Fire Ext (3L/6L Watermist)' not found.
2026-01-30 23:34:02 - ERROR - __main__ - Warehouse row 107: Setco Category 'TUV Label - Fire Ext (3L/6L Watermist)' not found.
2026-01-30 23:34:02 - ERROR - __main__ - Warehouse row 108: Setco Category 'TUV Label - Fire Ext (3L/6L Watermist)' not found.
2026-01-30 23:34:02 - ERROR - __main__ - Warehouse row 109: Setco Category 'TUV Label - Fire Ext (3L/6L Watermist)' not found.
2026-01-30 23:34:02 - ERROR - __main__ - Warehouse row 110: Setco Category 'TUV Label - Fire Ext (6L Lithium)' not found.
2026-01-30 23:34:02 - ERROR - __main__ - Warehouse row 111: Setco Category 'Setsco Label - Hose Reel' not found.
2026-01-30 23:34:02 - ERROR - __main__ - Warehouse row 112: Setco Category 'Setsco Label - Hose Reel' not found.
2026-01-30 23:34:02 - ERROR - __main__ - Warehouse row 113: Setco Category 'Setsco Label - Hose Reel' not found.
2026-01-30 23:34:02 - ERROR - __main__ - Warehouse row 114: Setco Category 'Setsco Label - Hose Reel' not found.
2026-01-30 23:34:02 - ERROR - __main__ - Warehouse row 115: Setco Category 'Setsco Label - Hose Reel' not found.
2026-01-30 23:34:02 - ERROR - __main__ - Warehouse row 116: Setco Category 'Setsco Label - Hose Reel' not found.
2026-01-30 23:34:02 - ERROR - __main__ - Warehouse row 117: Setco Category 'Setsco Label - Hose Reel' not found.
2026-01-30 23:34:02 - ERROR - __main__ - Warehouse row 118: Setco Category 'Setsco Label - Hose Reel' not found.
2026-01-30 23:34:02 - ERROR - __main__ - Warehouse row 119: Setco Category 'Setsco Label - Hose Reel' not found.
2026-01-30 23:34:02 - ERROR - __main__ - Warehouse row 120: Setco Category 'Setsco Label - Hose Reel' not found.
2026-01-30 23:34:02 - ERROR - __main__ - Warehouse row 121: Setco Category 'Setsco Label - Hose Reel' not found.
2026-01-30 23:34:02 - ERROR - __main__ - Warehouse row 122: Setco Category 'Setsco Label - Hose Reel' not found.
2026-01-30 23:34:02 - ERROR - __main__ - Warehouse row 123: Setco Category 'Setsco Label - Hose Reel' not found.
2026-01-30 23:34:02 - ERROR - __main__ - Warehouse row 124: Setco Category 'Setsco Label - Hose Reel' not found.
2026-01-30 23:34:02 - ERROR - __main__ - Warehouse row 125: Setco Category 'Setsco Label - Hose Reel' not found.
2026-01-30 23:34:02 - ERROR - __main__ - Warehouse row 126: Setco Category 'Setsco Label - Hose Reel' not found.
2026-01-30 23:34:02 - ERROR - __main__ - Warehouse row 127: Setco Category 'Setsco Label - Hose Reel' not found.
2026-01-30 23:34:02 - ERROR - __main__ - Warehouse row 128: Setco Category 'Setsco Label - Hose Reel' not found.
2026-01-30 23:34:02 - ERROR - __main__ - Warehouse row 129: Setco Category 'Setsco Label - Hose Reel' not found.
2026-01-30 23:34:02 - ERROR - __main__ - Warehouse row 130: Setco Category 'Setsco Label - Hose Reel' not found.
2026-01-30 23:34:02 - ERROR - __main__ - Warehouse row 131: Setco Category 'Setsco Label - Hose Reel' not found.
2026-01-30 23:34:02 - ERROR - __main__ - Warehouse row 132: Setco Category 'Setsco Label - Hose Reel' not found.
2026-01-30 23:34:02 - ERROR - __main__ - Warehouse row 133: Setco Category 'Setsco Label - Hose Reel' not found.
2026-01-30 23:34:02 - ERROR - __main__ - Warehouse row 134: Setco Category 'Setsco Label - Hose Reel' not found.
2026-01-30 23:34:02 - ERROR - __main__ - Warehouse row 135: Setco Category 'Setsco Label - Hose Reel' not found.
2026-01-30 23:34:02 - ERROR - __main__ - Warehouse row 136: Setco Category 'Setsco Label - Hose Reel' not found.
2026-01-30 23:34:02 - ERROR - __main__ - Warehouse row 137: Setco Category 'Setsco Label - Hose Reel' not found.
2026-01-30 23:34:02 - ERROR - __main__ - Warehouse row 138: Setco Category 'Setsco Label - Hose Reel' not found.
2026-01-30 23:34:02 - ERROR - __main__ - Warehouse row 139: Setco Category 'Setsco Label - Hose Reel' not found.
2026-01-30 23:34:02 - ERROR - __main__ - Warehouse row 140: Setco Category 'Setsco Label - Fire Hose' not found.
2026-01-30 23:34:02 - ERROR - __main__ - Warehouse row 141: Setco Category 'Setsco Label - Fire Hose' not found.
2026-01-30 23:34:02 - ERROR - __main__ - Warehouse row 142: Setco Category 'Setsco Label - Fire Hose' not found.
2026-01-30 23:34:02 - ERROR - __main__ - Warehouse row 143: Setco Category 'Setsco Label - Fire Hose' not found.
2026-01-30 23:34:02 - ERROR - __main__ - Warehouse row 144: Setco Category 'Setsco Label - Fire Hose' not found.
2026-01-30 23:34:02 - ERROR - __main__ - Warehouse row 145: Setco Category 'Setsco Label - Fire Hose' not found.
2026-01-30 23:34:02 - ERROR - __main__ - Warehouse row 146: Setco Category 'Setsco Label - Fire Hose' not found.
2026-01-30 23:34:02 - ERROR - __main__ - Warehouse row 147: Setco Category 'Setsco Label - Fire Hose' not found.
2026-01-30 23:34:02 - ERROR - __main__ - Warehouse row 148: Setco Category 'Setsco Label - Fire Hose' not found.
2026-01-30 23:34:02 - ERROR - __main__ - Warehouse row 149: Setco Category 'Setsco Label - Fire Hose' not found.
2026-01-30 23:34:02 - ERROR - __main__ - Warehouse row 150: Setco Category 'Setsco Label - Fire Hose' not found.
2026-01-30 23:34:02 - ERROR - __main__ - Warehouse row 151: Setco Category 'Setsco Label - Fire Hose' not found.
2026-01-30 23:34:02 - ERROR - __main__ - Warehouse row 152: Setco Category 'Setsco Label - Fire Hose' not found.
2026-01-30 23:34:02 - ERROR - __main__ - Warehouse row 153: Setco Category 'Setsco Label - Fire Hose' not found.
2026-01-30 23:34:02 - ERROR - __main__ - Warehouse row 154: Setco Category 'Setsco Label - Fire Hose' not found.
2026-01-30 23:34:02 - ERROR - __main__ - Warehouse row 155: Setco Category 'Setsco Label - Fire Hose' not found.
2026-01-30 23:34:02 - ERROR - __main__ - Warehouse row 156: Setco Category 'Setsco Label - Fire Hose' not found.
2026-01-30 23:34:02 - ERROR - __main__ - Production row 2: Setco Category 'Setsco Label - Fire Ext (Powder)' not found.
2026-01-30 23:34:02 - ERROR - __main__ - Production row 3: Setco Category 'Setsco Label - Fire Ext (Powder)' not found.
2026-01-30 23:34:02 - ERROR - __main__ - Production row 4: Setco Category 'Setsco Label - Fire Ext (Powder)' not found.
2026-01-30 23:34:02 - ERROR - __main__ - Production row 5: Setco Category 'Setsco Label - Fire Ext (Powder)' not found.
2026-01-30 23:34:02 - ERROR - __main__ - Production row 6: Setco Category 'Setsco Label - Fire Ext (Powder)' not found.
2026-01-30 23:34:02 - ERROR - __main__ - Production row 7: Setco Category 'Setsco Label - Fire Ext (Powder)' not found.
2026-01-30 23:34:02 - ERROR - __main__ - Production row 8: Setco Category 'Setsco Label - Fire Ext (Powder)' not found.
2026-01-30 23:34:02 - ERROR - __main__ - Production row 9: Setco Category 'Setsco Label - Fire Ext (Powder)' not found.
2026-01-30 23:34:02 - ERROR - __main__ - Production row 10: Setco Category 'Setsco Label - Fire Ext (Powder)' not found.
2026-01-30 23:34:02 - ERROR - __main__ - Production row 11: Setco Category 'Setsco Label - Fire Ext (Powder)' not found.
2026-01-30 23:34:02 - ERROR - __main__ - Production row 12: Setco Category 'Setsco Label - Fire Ext (Powder)' not found.
2026-01-30 23:34:02 - ERROR - __main__ - Production row 13: Setco Category 'Setsco Label - Fire Ext (Powder)' not found.
2026-01-30 23:34:02 - ERROR - __main__ - Production row 14: Setco Category 'Setsco Label - Fire Ext (Powder)' not found.
2026-01-30 23:34:02 - ERROR - __main__ - Production row 15: Setco Category 'Setsco Label - Fire Ext (Powder)' not found.
2026-01-30 23:34:02 - ERROR - __main__ - Production row 16: Setco Category 'Setsco Label - Fire Ext (Powder)' not found.
2026-01-30 23:34:02 - ERROR - __main__ - Production row 17: Setco Category 'Setsco Label - Fire Ext (Powder)' not found.
2026-01-30 23:34:02 - ERROR - __main__ - Production row 18: Setco Category 'Setsco Label - Fire Ext (Powder)' not found.
2026-01-30 23:34:02 - ERROR - __main__ - Production row 19: Setco Category 'Setsco Label - Fire Ext (Powder)' not found.
2026-01-30 23:34:02 - ERROR - __main__ - Production row 20: Setco Category 'Setsco Label - Fire Ext (Powder)' not found.
2026-01-30 23:34:02 - ERROR - __main__ - Production row 21: Setco Category 'Setsco Label - Fire Ext (Powder)' not found.
2026-01-30 23:34:02 - ERROR - __main__ - Production row 22: Setco Category 'Setsco Label - Fire Ext (CO2)' not found.
2026-01-30 23:34:02 - ERROR - __main__ - Production row 23: Setco Category 'Setsco Label - Fire Ext (CO2)' not found.
2026-01-30 23:34:02 - ERROR - __main__ - Production row 24: Setco Category 'Setsco Label - Fire Ext (CO2)' not found.
2026-01-30 23:34:02 - ERROR - __main__ - Production row 25: Setco Category 'Setsco Label - Fire Ext (CO2)' not found.
2026-01-30 23:34:02 - ERROR - __main__ - Production row 26: Setco Category 'Setsco Label - Fire Ext (CO2)' not found.
2026-01-30 23:34:02 - ERROR - __main__ - Production row 27: Setco Category 'Setsco Label - Fire Ext (CO2)' not found.
2026-01-30 23:34:02 - ERROR - __main__ - Production row 28: Setco Category 'Setsco Label - Fire Ext (CO2)' not found.
2026-01-30 23:34:02 - ERROR - __main__ - Production row 29: Setco Category 'Setsco Label - Fire Ext (CO2)' not found.
2026-01-30 23:34:02 - ERROR - __main__ - Production row 30: Setco Category 'Setsco Label - Fire Ext (Water/Foam/Watermist)' not found.
2026-01-30 23:34:02 - ERROR - __main__ - Production row 31: Setco Category 'Setsco Label - Fire Ext (Water/Foam/Watermist)' not found.
2026-01-30 23:34:02 - ERROR - __main__ - Production row 32: Setco Category 'Setsco Label - Fire Ext (Water/Foam/Watermist)' not found.
2026-01-30 23:34:02 - ERROR - __main__ - Production row 33: Setco Category 'Setsco Label - Fire Ext (Halotron)' not found.
2026-01-30 23:34:02 - ERROR - __main__ - Production row 34: Setco Category 'Setsco Label - Hose Reel' not found.
2026-01-30 23:34:02 - ERROR - __main__ - Production row 35: Setco Category 'Setsco Label - Hose Reel' not found.
2026-01-30 23:34:02 - ERROR - __main__ - Production row 36: Setco Category 'Setsco Label - Hose Reel' not found.
2026-01-30 23:34:02 - ERROR - __main__ - Production row 37: Setco Category 'Setsco Label - Hose Reel' not found.
2026-01-30 23:34:02 - ERROR - __main__ - Production row 38: Setco Category 'Setsco Label - Hose Reel' not found.
2026-01-30 23:34:02 - ERROR - __main__ - Production row 39: Setco Category 'Setsco Label - Hose Reel' not found.
2026-01-30 23:34:02 - ERROR - __main__ - Production row 40: Setco Category 'Setsco Label - Hose Reel' not found.
2026-01-30 23:34:02 - ERROR - __main__ - Production row 41: Setco Category 'Setsco Label - Hose Reel' not found.
2026-01-30 23:34:02 - ERROR - __main__ - Production row 42: Setco Category 'Setsco Label - Hose Reel' not found.
2026-01-30 23:34:02 - ERROR - __main__ - Production row 43: Setco Category 'Setsco Label - Hose Reel' not found.
2026-01-30 23:34:02 - ERROR - __main__ - Production row 44: Setco Category 'Setsco Label - Hose Reel' not found.
2026-01-30 23:34:02 - ERROR - __main__ - Production row 45: Setco Category 'Setsco Label - Hose Reel' not found.
2026-01-30 23:34:02 - ERROR - __main__ - Production row 46: Setco Category 'Setsco Label - Hose Reel' not found.
2026-01-30 23:34:02 - ERROR - __main__ - Production row 47: Setco Category 'Setsco Label - Hose Reel' not found.
2026-01-30 23:34:02 - ERROR - __main__ - Production row 48: Setco Category 'Setsco Label - Fire Hose' not found.
2026-01-30 23:34:02 - INFO - __main__ - Pre-run: FAILED
